::1 - - [13/Oct/2018:00:33:50 +0000] "GET / HTTP/1.1" 200 6888 "-" "Mozilla/5.0 (Windows NT 10.0; Win64; x64) AppleWebKit/537.36 (KHTML, like Gecko) Chrome/69.0.3497.100 Safari/537.36"
::1 - - [13/Oct/2018:00:33:50 +0000] "GET /Style.css HTTP/1.1" 404 148 "http://localhost:8081/" "Mozilla/5.0 (Windows NT 10.0; Win64; x64) AppleWebKit/537.36 (KHTML, like Gecko) Chrome/69.0.3497.100 Safari/537.36"
::1 - - [13/Oct/2018:00:33:50 +0000] "GET /Profile_pic.jpg HTTP/1.1" 404 154 "http://localhost:8081/" "Mozilla/5.0 (Windows NT 10.0; Win64; x64) AppleWebKit/537.36 (KHTML, like Gecko) Chrome/69.0.3497.100 Safari/537.36"
::1 - - [13/Oct/2018:00:33:50 +0000] "GET /calculator.js HTTP/1.1" 404 152 "http://localhost:8081/" "Mozilla/5.0 (Windows NT 10.0; Win64; x64) AppleWebKit/537.36 (KHTML, like Gecko) Chrome/69.0.3497.100 Safari/537.36"
::1 - - [13/Oct/2018:00:33:51 +0000] "GET /calculator.js HTTP/1.1" 404 152 "http://localhost:8081/" "Mozilla/5.0 (Windows NT 10.0; Win64; x64) AppleWebKit/537.36 (KHTML, like Gecko) Chrome/69.0.3497.100 Safari/537.36"
::1 - - [13/Oct/2018:00:33:51 +0000] "GET /favicon.ico HTTP/1.1" 404 150 "http://localhost:8081/" "Mozilla/5.0 (Windows NT 10.0; Win64; x64) AppleWebKit/537.36 (KHTML, like Gecko) Chrome/69.0.3497.100 Safari/537.36"
::1 - - [13/Oct/2018:00:34:09 +0000] "GET /calculator.html HTTP/1.1" 404 154 "http://localhost:8081/" "Mozilla/5.0 (Windows NT 10.0; Win64; x64) AppleWebKit/537.36 (KHTML, like Gecko) Chrome/69.0.3497.100 Safari/537.36"
::1 - - [27/Oct/2018:23:04:35 +0000] "GET / HTTP/1.1" 200 6888 "-" "Mozilla/5.0 (Windows NT 10.0; Win64; x64) AppleWebKit/537.36 (KHTML, like Gecko) Chrome/69.0.3497.100 Safari/537.36"
::1 - - [27/Oct/2018:23:04:35 +0000] "GET /Style.css HTTP/1.1" 404 148 "http://localhost:8081/" "Mozilla/5.0 (Windows NT 10.0; Win64; x64) AppleWebKit/537.36 (KHTML, like Gecko) Chrome/69.0.3497.100 Safari/537.36"
::1 - - [27/Oct/2018:23:04:35 +0000] "GET /Profile_pic.jpg HTTP/1.1" 404 154 "http://localhost:8081/" "Mozilla/5.0 (Windows NT 10.0; Win64; x64) AppleWebKit/537.36 (KHTML, like Gecko) Chrome/69.0.3497.100 Safari/537.36"
::1 - - [27/Oct/2018:23:04:35 +0000] "GET /calculator.js HTTP/1.1" 404 152 "http://localhost:8081/" "Mozilla/5.0 (Windows NT 10.0; Win64; x64) AppleWebKit/537.36 (KHTML, like Gecko) Chrome/69.0.3497.100 Safari/537.36"
::1 - - [27/Oct/2018:23:04:36 +0000] "GET /calculator.js HTTP/1.1" 404 152 "http://localhost:8081/" "Mozilla/5.0 (Windows NT 10.0; Win64; x64) AppleWebKit/537.36 (KHTML, like Gecko) Chrome/69.0.3497.100 Safari/537.36"
::1 - - [27/Oct/2018:23:04:36 +0000] "GET /favicon.ico HTTP/1.1" 404 150 "http://localhost:8081/" "Mozilla/5.0 (Windows NT 10.0; Win64; x64) AppleWebKit/537.36 (KHTML, like Gecko) Chrome/69.0.3497.100 Safari/537.36"
::1 - - [28/Oct/2018:22:36:35 +0000] "GET / HTTP/1.1" 200 6869 "-" "Mozilla/5.0 (Windows NT 10.0; Win64; x64) AppleWebKit/537.36 (KHTML, like Gecko) Chrome/69.0.3497.100 Safari/537.36"
::1 - - [28/Oct/2018:22:36:35 +0000] "GET /Style.css HTTP/1.1" 404 148 "http://localhost:8081/" "Mozilla/5.0 (Windows NT 10.0; Win64; x64) AppleWebKit/537.36 (KHTML, like Gecko) Chrome/69.0.3497.100 Safari/537.36"
::1 - - [28/Oct/2018:22:36:35 +0000] "GET /Profile_pic.jpg HTTP/1.1" 404 154 "http://localhost:8081/" "Mozilla/5.0 (Windows NT 10.0; Win64; x64) AppleWebKit/537.36 (KHTML, like Gecko) Chrome/69.0.3497.100 Safari/537.36"
::1 - - [28/Oct/2018:22:36:35 +0000] "GET /calculator.js HTTP/1.1" 404 152 "http://localhost:8081/" "Mozilla/5.0 (Windows NT 10.0; Win64; x64) AppleWebKit/537.36 (KHTML, like Gecko) Chrome/69.0.3497.100 Safari/537.36"
::1 - - [28/Oct/2018:22:36:35 +0000] "GET /calculator.js HTTP/1.1" 404 152 "http://localhost:8081/" "Mozilla/5.0 (Windows NT 10.0; Win64; x64) AppleWebKit/537.36 (KHTML, like Gecko) Chrome/69.0.3497.100 Safari/537.36"
::1 - - [28/Oct/2018:22:36:37 +0000] "GET /Index HTTP/1.1" 200 6869 "http://localhost:8081/" "Mozilla/5.0 (Windows NT 10.0; Win64; x64) AppleWebKit/537.36 (KHTML, like Gecko) Chrome/69.0.3497.100 Safari/537.36"
::1 - - [28/Oct/2018:22:36:37 +0000] "GET /Style.css HTTP/1.1" 404 148 "http://localhost:8081/Index" "Mozilla/5.0 (Windows NT 10.0; Win64; x64) AppleWebKit/537.36 (KHTML, like Gecko) Chrome/69.0.3497.100 Safari/537.36"
::1 - - [28/Oct/2018:22:36:37 +0000] "GET /Profile_pic.jpg HTTP/1.1" 404 154 "http://localhost:8081/Index" "Mozilla/5.0 (Windows NT 10.0; Win64; x64) AppleWebKit/537.36 (KHTML, like Gecko) Chrome/69.0.3497.100 Safari/537.36"
::1 - - [28/Oct/2018:22:36:37 +0000] "GET /calculator.js HTTP/1.1" 404 152 "http://localhost:8081/Index" "Mozilla/5.0 (Windows NT 10.0; Win64; x64) AppleWebKit/537.36 (KHTML, like Gecko) Chrome/69.0.3497.100 Safari/537.36"
::1 - - [28/Oct/2018:22:36:37 +0000] "GET /calculator.js HTTP/1.1" 404 152 "http://localhost:8081/Index" "Mozilla/5.0 (Windows NT 10.0; Win64; x64) AppleWebKit/537.36 (KHTML, like Gecko) Chrome/69.0.3497.100 Safari/537.36"
::1 - - [28/Oct/2018:22:36:38 +0000] "GET /calculator HTTP/1.1" 200 5837 "http://localhost:8081/Index" "Mozilla/5.0 (Windows NT 10.0; Win64; x64) AppleWebKit/537.36 (KHTML, like Gecko) Chrome/69.0.3497.100 Safari/537.36"
::1 - - [28/Oct/2018:22:36:38 +0000] "GET /Style.css HTTP/1.1" 404 148 "http://localhost:8081/calculator" "Mozilla/5.0 (Windows NT 10.0; Win64; x64) AppleWebKit/537.36 (KHTML, like Gecko) Chrome/69.0.3497.100 Safari/537.36"
::1 - - [28/Oct/2018:22:36:38 +0000] "GET /calculator.js HTTP/1.1" 404 152 "http://localhost:8081/calculator" "Mozilla/5.0 (Windows NT 10.0; Win64; x64) AppleWebKit/537.36 (KHTML, like Gecko) Chrome/69.0.3497.100 Safari/537.36"
::1 - - [28/Oct/2018:22:36:38 +0000] "GET /calculator.js HTTP/1.1" 404 152 "http://localhost:8081/calculator" "Mozilla/5.0 (Windows NT 10.0; Win64; x64) AppleWebKit/537.36 (KHTML, like Gecko) Chrome/69.0.3497.100 Safari/537.36"
::1 - - [28/Oct/2018:22:36:39 +0000] "GET /aboutus HTTP/1.1" 200 5453 "http://localhost:8081/calculator" "Mozilla/5.0 (Windows NT 10.0; Win64; x64) AppleWebKit/537.36 (KHTML, like Gecko) Chrome/69.0.3497.100 Safari/537.36"
::1 - - [28/Oct/2018:22:36:39 +0000] "GET /Style.css HTTP/1.1" 404 148 "http://localhost:8081/aboutus" "Mozilla/5.0 (Windows NT 10.0; Win64; x64) AppleWebKit/537.36 (KHTML, like Gecko) Chrome/69.0.3497.100 Safari/537.36"
::1 - - [28/Oct/2018:22:36:39 +0000] "GET /calculator.js HTTP/1.1" 404 152 "http://localhost:8081/aboutus" "Mozilla/5.0 (Windows NT 10.0; Win64; x64) AppleWebKit/537.36 (KHTML, like Gecko) Chrome/69.0.3497.100 Safari/537.36"
::1 - - [28/Oct/2018:22:36:39 +0000] "GET /calculator.js HTTP/1.1" 404 152 "http://localhost:8081/aboutus" "Mozilla/5.0 (Windows NT 10.0; Win64; x64) AppleWebKit/537.36 (KHTML, like Gecko) Chrome/69.0.3497.100 Safari/537.36"
::1 - - [28/Oct/2018:22:36:40 +0000] "GET /ContactUs HTTP/1.1" 500 1340 "http://localhost:8081/aboutus" "Mozilla/5.0 (Windows NT 10.0; Win64; x64) AppleWebKit/537.36 (KHTML, like Gecko) Chrome/69.0.3497.100 Safari/537.36"
::1 - - [28/Oct/2018:22:36:45 +0000] "GET /ContactUs HTTP/1.1" 500 1340 "http://localhost:8081/aboutus" "Mozilla/5.0 (Windows NT 10.0; Win64; x64) AppleWebKit/537.36 (KHTML, like Gecko) Chrome/69.0.3497.100 Safari/537.36"
::1 - - [28/Oct/2018:22:36:54 +0000] "GET /aboutus HTTP/1.1" 304 - "http://localhost:8081/aboutus" "Mozilla/5.0 (Windows NT 10.0; Win64; x64) AppleWebKit/537.36 (KHTML, like Gecko) Chrome/69.0.3497.100 Safari/537.36"
::1 - - [28/Oct/2018:22:36:54 +0000] "GET /Style.css HTTP/1.1" 404 148 "http://localhost:8081/aboutus" "Mozilla/5.0 (Windows NT 10.0; Win64; x64) AppleWebKit/537.36 (KHTML, like Gecko) Chrome/69.0.3497.100 Safari/537.36"
::1 - - [28/Oct/2018:22:36:54 +0000] "GET /calculator.js HTTP/1.1" 404 152 "http://localhost:8081/aboutus" "Mozilla/5.0 (Windows NT 10.0; Win64; x64) AppleWebKit/537.36 (KHTML, like Gecko) Chrome/69.0.3497.100 Safari/537.36"
::1 - - [28/Oct/2018:22:36:54 +0000] "GET /calculator.js HTTP/1.1" 404 152 "http://localhost:8081/aboutus" "Mozilla/5.0 (Windows NT 10.0; Win64; x64) AppleWebKit/537.36 (KHTML, like Gecko) Chrome/69.0.3497.100 Safari/537.36"
::1 - - [28/Oct/2018:22:36:56 +0000] "GET /aboutus HTTP/1.1" 304 - "http://localhost:8081/aboutus" "Mozilla/5.0 (Windows NT 10.0; Win64; x64) AppleWebKit/537.36 (KHTML, like Gecko) Chrome/69.0.3497.100 Safari/537.36"
::1 - - [28/Oct/2018:22:36:56 +0000] "GET /Style.css HTTP/1.1" 404 148 "http://localhost:8081/aboutus" "Mozilla/5.0 (Windows NT 10.0; Win64; x64) AppleWebKit/537.36 (KHTML, like Gecko) Chrome/69.0.3497.100 Safari/537.36"
::1 - - [28/Oct/2018:22:36:56 +0000] "GET /calculator.js HTTP/1.1" 404 152 "http://localhost:8081/aboutus" "Mozilla/5.0 (Windows NT 10.0; Win64; x64) AppleWebKit/537.36 (KHTML, like Gecko) Chrome/69.0.3497.100 Safari/537.36"
::1 - - [28/Oct/2018:22:36:56 +0000] "GET /calculator.js HTTP/1.1" 404 152 "http://localhost:8081/aboutus" "Mozilla/5.0 (Windows NT 10.0; Win64; x64) AppleWebKit/537.36 (KHTML, like Gecko) Chrome/69.0.3497.100 Safari/537.36"
::1 - - [28/Oct/2018:22:36:57 +0000] "GET /calculator HTTP/1.1" 304 - "http://localhost:8081/aboutus" "Mozilla/5.0 (Windows NT 10.0; Win64; x64) AppleWebKit/537.36 (KHTML, like Gecko) Chrome/69.0.3497.100 Safari/537.36"
::1 - - [28/Oct/2018:22:36:57 +0000] "GET /Style.css HTTP/1.1" 404 148 "http://localhost:8081/calculator" "Mozilla/5.0 (Windows NT 10.0; Win64; x64) AppleWebKit/537.36 (KHTML, like Gecko) Chrome/69.0.3497.100 Safari/537.36"
::1 - - [28/Oct/2018:22:36:57 +0000] "GET /calculator.js HTTP/1.1" 404 152 "http://localhost:8081/calculator" "Mozilla/5.0 (Windows NT 10.0; Win64; x64) AppleWebKit/537.36 (KHTML, like Gecko) Chrome/69.0.3497.100 Safari/537.36"
::1 - - [28/Oct/2018:22:36:58 +0000] "GET /calculator.js HTTP/1.1" 404 152 "http://localhost:8081/calculator" "Mozilla/5.0 (Windows NT 10.0; Win64; x64) AppleWebKit/537.36 (KHTML, like Gecko) Chrome/69.0.3497.100 Safari/537.36"
::1 - - [28/Oct/2018:22:36:59 +0000] "GET /Index HTTP/1.1" 304 - "http://localhost:8081/calculator" "Mozilla/5.0 (Windows NT 10.0; Win64; x64) AppleWebKit/537.36 (KHTML, like Gecko) Chrome/69.0.3497.100 Safari/537.36"
::1 - - [28/Oct/2018:22:36:59 +0000] "GET /Style.css HTTP/1.1" 404 148 "http://localhost:8081/Index" "Mozilla/5.0 (Windows NT 10.0; Win64; x64) AppleWebKit/537.36 (KHTML, like Gecko) Chrome/69.0.3497.100 Safari/537.36"
::1 - - [28/Oct/2018:22:36:59 +0000] "GET /Profile_pic.jpg HTTP/1.1" 404 154 "http://localhost:8081/Index" "Mozilla/5.0 (Windows NT 10.0; Win64; x64) AppleWebKit/537.36 (KHTML, like Gecko) Chrome/69.0.3497.100 Safari/537.36"
::1 - - [28/Oct/2018:22:36:59 +0000] "GET /calculator.js HTTP/1.1" 404 152 "http://localhost:8081/Index" "Mozilla/5.0 (Windows NT 10.0; Win64; x64) AppleWebKit/537.36 (KHTML, like Gecko) Chrome/69.0.3497.100 Safari/537.36"
::1 - - [28/Oct/2018:22:36:59 +0000] "GET /calculator.js HTTP/1.1" 404 152 "http://localhost:8081/Index" "Mozilla/5.0 (Windows NT 10.0; Win64; x64) AppleWebKit/537.36 (KHTML, like Gecko) Chrome/69.0.3497.100 Safari/537.36"
::1 - - [28/Oct/2018:22:37:01 +0000] "GET /Index.html HTTP/1.1" 404 149 "http://localhost:8081/Index" "Mozilla/5.0 (Windows NT 10.0; Win64; x64) AppleWebKit/537.36 (KHTML, like Gecko) Chrome/69.0.3497.100 Safari/537.36"
::1 - - [28/Oct/2018:22:37:47 +0000] "GET /aboutus HTTP/1.1" 304 - "http://localhost:8081/Index" "Mozilla/5.0 (Windows NT 10.0; Win64; x64) AppleWebKit/537.36 (KHTML, like Gecko) Chrome/69.0.3497.100 Safari/537.36"
::1 - - [28/Oct/2018:22:37:47 +0000] "GET /Style.css HTTP/1.1" 404 148 "http://localhost:8081/aboutus" "Mozilla/5.0 (Windows NT 10.0; Win64; x64) AppleWebKit/537.36 (KHTML, like Gecko) Chrome/69.0.3497.100 Safari/537.36"
::1 - - [28/Oct/2018:22:37:47 +0000] "GET /calculator.js HTTP/1.1" 404 152 "http://localhost:8081/aboutus" "Mozilla/5.0 (Windows NT 10.0; Win64; x64) AppleWebKit/537.36 (KHTML, like Gecko) Chrome/69.0.3497.100 Safari/537.36"
::1 - - [28/Oct/2018:22:37:47 +0000] "GET /calculator.js HTTP/1.1" 404 152 "http://localhost:8081/aboutus" "Mozilla/5.0 (Windows NT 10.0; Win64; x64) AppleWebKit/537.36 (KHTML, like Gecko) Chrome/69.0.3497.100 Safari/537.36"
::1 - - [28/Oct/2018:22:37:48 +0000] "GET /calculator HTTP/1.1" 304 - "http://localhost:8081/aboutus" "Mozilla/5.0 (Windows NT 10.0; Win64; x64) AppleWebKit/537.36 (KHTML, like Gecko) Chrome/69.0.3497.100 Safari/537.36"
::1 - - [28/Oct/2018:22:37:48 +0000] "GET /Style.css HTTP/1.1" 404 148 "http://localhost:8081/calculator" "Mozilla/5.0 (Windows NT 10.0; Win64; x64) AppleWebKit/537.36 (KHTML, like Gecko) Chrome/69.0.3497.100 Safari/537.36"
::1 - - [28/Oct/2018:22:37:48 +0000] "GET /calculator.js HTTP/1.1" 404 152 "http://localhost:8081/calculator" "Mozilla/5.0 (Windows NT 10.0; Win64; x64) AppleWebKit/537.36 (KHTML, like Gecko) Chrome/69.0.3497.100 Safari/537.36"
::1 - - [28/Oct/2018:22:37:48 +0000] "GET /calculator.js HTTP/1.1" 404 152 "http://localhost:8081/calculator" "Mozilla/5.0 (Windows NT 10.0; Win64; x64) AppleWebKit/537.36 (KHTML, like Gecko) Chrome/69.0.3497.100 Safari/537.36"
::1 - - [28/Oct/2018:22:37:49 +0000] "GET /Index HTTP/1.1" 304 - "http://localhost:8081/calculator" "Mozilla/5.0 (Windows NT 10.0; Win64; x64) AppleWebKit/537.36 (KHTML, like Gecko) Chrome/69.0.3497.100 Safari/537.36"
::1 - - [28/Oct/2018:22:37:49 +0000] "GET /Style.css HTTP/1.1" 404 148 "http://localhost:8081/Index" "Mozilla/5.0 (Windows NT 10.0; Win64; x64) AppleWebKit/537.36 (KHTML, like Gecko) Chrome/69.0.3497.100 Safari/537.36"
::1 - - [28/Oct/2018:22:37:49 +0000] "GET /Profile_pic.jpg HTTP/1.1" 404 154 "http://localhost:8081/Index" "Mozilla/5.0 (Windows NT 10.0; Win64; x64) AppleWebKit/537.36 (KHTML, like Gecko) Chrome/69.0.3497.100 Safari/537.36"
::1 - - [28/Oct/2018:22:37:49 +0000] "GET /calculator.js HTTP/1.1" 404 152 "http://localhost:8081/Index" "Mozilla/5.0 (Windows NT 10.0; Win64; x64) AppleWebKit/537.36 (KHTML, like Gecko) Chrome/69.0.3497.100 Safari/537.36"
::1 - - [28/Oct/2018:22:37:50 +0000] "GET /calculator.js HTTP/1.1" 404 152 "http://localhost:8081/Index" "Mozilla/5.0 (Windows NT 10.0; Win64; x64) AppleWebKit/537.36 (KHTML, like Gecko) Chrome/69.0.3497.100 Safari/537.36"
::1 - - [28/Oct/2018:22:37:54 +0000] "GET /ContactUs HTTP/1.1" 500 1340 "http://localhost:8081/Index" "Mozilla/5.0 (Windows NT 10.0; Win64; x64) AppleWebKit/537.36 (KHTML, like Gecko) Chrome/69.0.3497.100 Safari/537.36"
::1 - - [28/Oct/2018:22:37:59 +0000] "GET /Index.html HTTP/1.1" 404 149 "http://localhost:8081/Index" "Mozilla/5.0 (Windows NT 10.0; Win64; x64) AppleWebKit/537.36 (KHTML, like Gecko) Chrome/69.0.3497.100 Safari/537.36"
::1 - - [28/Oct/2018:22:41:08 +0000] "GET /Index.html HTTP/1.1" 404 149 "http://localhost:8081/Index" "Mozilla/5.0 (Windows NT 10.0; Win64; x64) AppleWebKit/537.36 (KHTML, like Gecko) Chrome/69.0.3497.100 Safari/537.36"
::1 - - [28/Oct/2018:22:41:11 +0000] "GET /aboutus HTTP/1.1" 304 - "http://localhost:8081/Index" "Mozilla/5.0 (Windows NT 10.0; Win64; x64) AppleWebKit/537.36 (KHTML, like Gecko) Chrome/69.0.3497.100 Safari/537.36"
::1 - - [28/Oct/2018:22:41:11 +0000] "GET /Style.css HTTP/1.1" 404 148 "http://localhost:8081/aboutus" "Mozilla/5.0 (Windows NT 10.0; Win64; x64) AppleWebKit/537.36 (KHTML, like Gecko) Chrome/69.0.3497.100 Safari/537.36"
::1 - - [28/Oct/2018:22:41:11 +0000] "GET /calculator.js HTTP/1.1" 404 152 "http://localhost:8081/aboutus" "Mozilla/5.0 (Windows NT 10.0; Win64; x64) AppleWebKit/537.36 (KHTML, like Gecko) Chrome/69.0.3497.100 Safari/537.36"
::1 - - [28/Oct/2018:22:41:11 +0000] "GET /calculator.js HTTP/1.1" 404 152 "http://localhost:8081/aboutus" "Mozilla/5.0 (Windows NT 10.0; Win64; x64) AppleWebKit/537.36 (KHTML, like Gecko) Chrome/69.0.3497.100 Safari/537.36"
::1 - - [28/Oct/2018:22:41:31 +0000] "GET /Index.html HTTP/1.1" 404 149 "http://localhost:8081/Index" "Mozilla/5.0 (Windows NT 10.0; Win64; x64) AppleWebKit/537.36 (KHTML, like Gecko) Chrome/69.0.3497.100 Safari/537.36"
::1 - - [28/Oct/2018:22:41:47 +0000] "GET /calculator HTTP/1.1" 304 - "http://localhost:8081/Index" "Mozilla/5.0 (Windows NT 10.0; Win64; x64) AppleWebKit/537.36 (KHTML, like Gecko) Chrome/69.0.3497.100 Safari/537.36"
::1 - - [28/Oct/2018:22:41:47 +0000] "GET /Style.css HTTP/1.1" 404 148 "http://localhost:8081/calculator" "Mozilla/5.0 (Windows NT 10.0; Win64; x64) AppleWebKit/537.36 (KHTML, like Gecko) Chrome/69.0.3497.100 Safari/537.36"
::1 - - [28/Oct/2018:22:41:47 +0000] "GET /calculator.js HTTP/1.1" 404 152 "http://localhost:8081/calculator" "Mozilla/5.0 (Windows NT 10.0; Win64; x64) AppleWebKit/537.36 (KHTML, like Gecko) Chrome/69.0.3497.100 Safari/537.36"
::1 - - [28/Oct/2018:22:41:47 +0000] "GET /calculator.js HTTP/1.1" 404 152 "http://localhost:8081/calculator" "Mozilla/5.0 (Windows NT 10.0; Win64; x64) AppleWebKit/537.36 (KHTML, like Gecko) Chrome/69.0.3497.100 Safari/537.36"
::1 - - [28/Oct/2018:22:41:48 +0000] "GET /aboutus HTTP/1.1" 304 - "http://localhost:8081/calculator" "Mozilla/5.0 (Windows NT 10.0; Win64; x64) AppleWebKit/537.36 (KHTML, like Gecko) Chrome/69.0.3497.100 Safari/537.36"
::1 - - [28/Oct/2018:22:41:48 +0000] "GET /Style.css HTTP/1.1" 404 148 "http://localhost:8081/aboutus" "Mozilla/5.0 (Windows NT 10.0; Win64; x64) AppleWebKit/537.36 (KHTML, like Gecko) Chrome/69.0.3497.100 Safari/537.36"
::1 - - [28/Oct/2018:22:41:48 +0000] "GET /calculator.js HTTP/1.1" 404 152 "http://localhost:8081/aboutus" "Mozilla/5.0 (Windows NT 10.0; Win64; x64) AppleWebKit/537.36 (KHTML, like Gecko) Chrome/69.0.3497.100 Safari/537.36"
::1 - - [28/Oct/2018:22:41:48 +0000] "GET /calculator.js HTTP/1.1" 404 152 "http://localhost:8081/aboutus" "Mozilla/5.0 (Windows NT 10.0; Win64; x64) AppleWebKit/537.36 (KHTML, like Gecko) Chrome/69.0.3497.100 Safari/537.36"
::1 - - [28/Oct/2018:22:41:49 +0000] "GET /ContactUs HTTP/1.1" 500 1340 "http://localhost:8081/aboutus" "Mozilla/5.0 (Windows NT 10.0; Win64; x64) AppleWebKit/537.36 (KHTML, like Gecko) Chrome/69.0.3497.100 Safari/537.36"
::1 - - [28/Oct/2018:22:42:01 +0000] "GET /Index.html HTTP/1.1" 404 149 "http://localhost:8081/aboutus" "Mozilla/5.0 (Windows NT 10.0; Win64; x64) AppleWebKit/537.36 (KHTML, like Gecko) Chrome/69.0.3497.100 Safari/537.36"
::1 - - [28/Oct/2018:22:42:04 +0000] "GET /ContactUs HTTP/1.1" 500 1340 "http://localhost:8081/aboutus" "Mozilla/5.0 (Windows NT 10.0; Win64; x64) AppleWebKit/537.36 (KHTML, like Gecko) Chrome/69.0.3497.100 Safari/537.36"
